# JRE version: Java(TM) SE Runtime Environment (7.0_45-b18) (build 1.7.0_45-b18)
# Java VM: Java HotSpot(TM) 64-Bit Server VM (24.45-b08 mixed mode bsd-amd64 compressed oops)
Heap
 PSYoungGen      total 17408K, used 8576K [0x0000000134100000, 0x0000000135300000, 0x0000000149680000)
  eden space 16896K, 50% used [0x0000000134100000,0x00000001349603f0,0x0000000135180000)
  from space 512K, 0% used [0x0000000135200000,0x0000000135200000,0x0000000135280000)
  to   space 512K, 0% used [0x0000000135280000,0x0000000135280000,0x0000000135300000)
 ParOldGen       total 43520K, used 1911K [0x0000000109680000, 0x000000010c100000, 0x0000000134100000)
  object space 43520K, 4% used [0x0000000109680000,0x000000010985dcf0,0x000000010c100000)
 PSPermGen       total 21504K, used 8406K [0x0000000104480000, 0x0000000105980000, 0x0000000109680000)
  object space 21504K, 39% used [0x0000000104480000,0x0000000104cb5b88,0x0000000105980000)
GC Heap History (10 events):
Event: 346.125 GC heap before
{Heap before GC invocations=53 (full 0):
 PSYoungGen      total 17920K, used 16896K [0x0000000134100000, 0x0000000135380000, 0x0000000149680000)
  eden space 16896K, 100% used [0x0000000134100000,0x0000000135180000,0x0000000135180000)
  from space 1024K, 0% used [0x0000000135280000,0x0000000135280000,0x0000000135380000)
  to   space 1024K, 0% used [0x0000000135180000,0x0000000135180000,0x0000000135280000)
 ParOldGen       total 43520K, used 1903K [0x0000000109680000, 0x000000010c100000, 0x0000000134100000)
  object space 43520K, 4% used [0x0000000109680000,0x000000010985bcf0,0x000000010c100000)
 PSPermGen       total 21504K, used 8404K [0x0000000104480000, 0x0000000105980000, 0x0000000109680000)
  object space 21504K, 39% used [0x0000000104480000,0x0000000104cb50b8,0x0000000105980000)
Event: 346.126 GC heap after
Heap after GC invocations=53 (full 0):
 PSYoungGen      total 17920K, used 0K [0x0000000134100000, 0x0000000135380000, 0x0000000149680000)
  eden space 16896K, 0% used [0x0000000134100000,0x0000000134100000,0x0000000135180000)
  from space 1024K, 0% used [0x0000000135180000,0x0000000135180000,0x0000000135280000)
  to   space 1024K, 0% used [0x0000000135280000,0x0000000135280000,0x0000000135380000)
 ParOldGen       total 43520K, used 1903K [0x0000000109680000, 0x000000010c100000, 0x0000000134100000)
  object space 43520K, 4% used [0x0000000109680000,0x000000010985bcf0,0x000000010c100000)
 PSPermGen       total 21504K, used 8404K [0x0000000104480000, 0x0000000105980000, 0x0000000109680000)
  object space 21504K, 39% used [0x0000000104480000,0x0000000104cb50b8,0x0000000105980000)
}
Event: 401.349 GC heap before
{Heap before GC invocations=54 (full 0):
 PSYoungGen      total 17920K, used 16896K [0x0000000134100000, 0x0000000135380000, 0x0000000149680000)
  eden space 16896K, 100% used [0x0000000134100000,0x0000000135180000,0x0000000135180000)
  from space 1024K, 0% used [0x0000000135180000,0x0000000135180000,0x0000000135280000)
  to   space 1024K, 0% used [0x0000000135280000,0x0000000135280000,0x0000000135380000)
 ParOldGen       total 43520K, used 1903K [0x0000000109680000, 0x000000010c100000, 0x0000000134100000)
  object space 43520K, 4% used [0x0000000109680000,0x000000010985bcf0,0x000000010c100000)
 PSPermGen       total 21504K, used 8406K [0x0000000104480000, 0x0000000105980000, 0x0000000109680000)
  object space 21504K, 39% used [0x0000000104480000,0x0000000104cb5b68,0x0000000105980000)
Event: 401.351 GC heap after
Heap after GC invocations=54 (full 0):
 PSYoungGen      total 17920K, used 0K [0x0000000134100000, 0x0000000135380000, 0x0000000149680000)
  eden space 16896K, 0% used [0x0000000134100000,0x0000000134100000,0x0000000135180000)
  from space 1024K, 0% used [0x0000000135280000,0x0000000135280000,0x0000000135380000)
  to   space 1024K, 0% used [0x0000000135180000,0x0000000135180000,0x0000000135280000)
 ParOldGen       total 43520K, used 1903K [0x0000000109680000, 0x000000010c100000, 0x0000000134100000)
  object space 43520K, 4% used [0x0000000109680000,0x000000010985bcf0,0x000000010c100000)
 PSPermGen       total 21504K, used 8406K [0x0000000104480000, 0x0000000105980000, 0x0000000109680000)
  object space 21504K, 39% used [0x0000000104480000,0x0000000104cb5b68,0x0000000105980000)
}
Event: 467.913 GC heap before
{Heap before GC invocations=55 (full 0):
 PSYoungGen      total 17920K, used 16896K [0x0000000134100000, 0x0000000135380000, 0x0000000149680000)
  eden space 16896K, 100% used [0x0000000134100000,0x0000000135180000,0x0000000135180000)
  from space 1024K, 0% used [0x0000000135280000,0x0000000135280000,0x0000000135380000)
  to   space 1024K, 0% used [0x0000000135180000,0x0000000135180000,0x0000000135280000)
 ParOldGen       total 43520K, used 1903K [0x0000000109680000, 0x000000010c100000, 0x0000000134100000)
  object space 43520K, 4% used [0x0000000109680000,0x000000010985bcf0,0x000000010c100000)
 PSPermGen       total 21504K, used 8406K [0x0000000104480000, 0x0000000105980000, 0x0000000109680000)
  object space 21504K, 39% used [0x0000000104480000,0x0000000104cb5b68,0x0000000105980000)
Event: 467.914 GC heap after
Heap after GC invocations=55 (full 0):
 PSYoungGen      total 17920K, used 0K [0x0000000134100000, 0x0000000135380000, 0x0000000149680000)
  eden space 16896K, 0% used [0x0000000134100000,0x0000000134100000,0x0000000135180000)
  from space 1024K, 0% used [0x0000000135180000,0x0000000135180000,0x0000000135280000)
  to   space 1024K, 0% used [0x0000000135280000,0x0000000135280000,0x0000000135380000)
 ParOldGen       total 43520K, used 1903K [0x0000000109680000, 0x000000010c100000, 0x0000000134100000)
  object space 43520K, 4% used [0x0000000109680000,0x000000010985bcf0,0x000000010c100000)
 PSPermGen       total 21504K, used 8406K [0x0000000104480000, 0x0000000105980000, 0x0000000109680000)
  object space 21504K, 39% used [0x0000000104480000,0x0000000104cb5b68,0x0000000105980000)
}
Event: 535.728 GC heap before
{Heap before GC invocations=56 (full 0):
 PSYoungGen      total 17920K, used 16896K [0x0000000134100000, 0x0000000135380000, 0x0000000149680000)
  eden space 16896K, 100% used [0x0000000134100000,0x0000000135180000,0x0000000135180000)
  from space 1024K, 0% used [0x0000000135180000,0x0000000135180000,0x0000000135280000)
  to   space 1024K, 0% used [0x0000000135280000,0x0000000135280000,0x0000000135380000)
 ParOldGen       total 43520K, used 1903K [0x0000000109680000, 0x000000010c100000, 0x0000000134100000)
  object space 43520K, 4% used [0x0000000109680000,0x000000010985bcf0,0x000000010c100000)
 PSPermGen       total 21504K, used 8406K [0x0000000104480000, 0x0000000105980000, 0x0000000109680000)
  object space 21504K, 39% used [0x0000000104480000,0x0000000104cb5b68,0x0000000105980000)
Event: 535.730 GC heap after
Heap after GC invocations=56 (full 0):
 PSYoungGen      total 17408K, used 32K [0x0000000134100000, 0x0000000135300000, 0x0000000149680000)
  eden space 16896K, 0% used [0x0000000134100000,0x0000000134100000,0x0000000135180000)
  from space 512K, 6% used [0x0000000135280000,0x0000000135288000,0x0000000135300000)
  to   space 512K, 0% used [0x0000000135200000,0x0000000135200000,0x0000000135280000)
 ParOldGen       total 43520K, used 1903K [0x0000000109680000, 0x000000010c100000, 0x0000000134100000)
  object space 43520K, 4% used [0x0000000109680000,0x000000010985bcf0,0x000000010c100000)
 PSPermGen       total 21504K, used 8406K [0x0000000104480000, 0x0000000105980000, 0x0000000109680000)
  object space 21504K, 39% used [0x0000000104480000,0x0000000104cb5b68,0x0000000105980000)
}
Event: 600.698 GC heap before
{Heap before GC invocations=57 (full 0):
 PSYoungGen      total 17408K, used 16928K [0x0000000134100000, 0x0000000135300000, 0x0000000149680000)
  eden space 16896K, 100% used [0x0000000134100000,0x0000000135180000,0x0000000135180000)
  from space 512K, 6% used [0x0000000135280000,0x0000000135288000,0x0000000135300000)
  to   space 512K, 0% used [0x0000000135200000,0x0000000135200000,0x0000000135280000)
 ParOldGen       total 43520K, used 1903K [0x0000000109680000, 0x000000010c100000, 0x0000000134100000)
  object space 43520K, 4% used [0x0000000109680000,0x000000010985bcf0,0x000000010c100000)
 PSPermGen       total 21504K, used 8406K [0x0000000104480000, 0x0000000105980000, 0x0000000109680000)
  object space 21504K, 39% used [0x0000000104480000,0x0000000104cb5b68,0x0000000105980000)
Event: 600.699 GC heap after
Heap after GC invocations=57 (full 0):
 PSYoungGen      total 17408K, used 0K [0x0000000134100000, 0x0000000135300000, 0x0000000149680000)
  eden space 16896K, 0% used [0x0000000134100000,0x0000000134100000,0x0000000135180000)
  from space 512K, 0% used [0x0000000135200000,0x0000000135200000,0x0000000135280000)
  to   space 512K, 0% used [0x0000000135280000,0x0000000135280000,0x0000000135300000)
 ParOldGen       total 43520K, used 1911K [0x0000000109680000, 0x000000010c100000, 0x0000000134100000)
  object space 43520K, 4% used [0x0000000109680000,0x000000010985dcf0,0x000000010c100000)
 PSPermGen       total 21504K, used 8406K [0x0000000104480000, 0x0000000105980000, 0x0000000109680000)
  object space 21504K, 39% used [0x0000000104480000,0x0000000104cb5b68,0x0000000105980000)
}

