# JRE version: Java(TM) SE Runtime Environment (7.0_45-b18) (build 1.7.0_45-b18)
# Java VM: Java HotSpot(TM) 64-Bit Server VM (24.45-b08 mixed mode bsd-amd64 compressed oops)
Heap
 PSYoungGen      total 19456K, used 12184K [0x000000013cc00000, 0x000000013e180000, 0x0000000152180000)
  eden space 16896K, 65% used [0x000000013cc00000,0x000000013d6be248,0x000000013dc80000)
  from space 2560K, 46% used [0x000000013df00000,0x000000013e028000,0x000000013e180000)
  to   space 2560K, 0% used [0x000000013dc80000,0x000000013dc80000,0x000000013df00000)
 ParOldGen       total 43520K, used 32K [0x0000000112180000, 0x0000000114c00000, 0x000000013cc00000)
  object space 43520K, 0% used [0x0000000112180000,0x0000000112188000,0x0000000114c00000)
 PSPermGen       total 21504K, used 8290K [0x000000010cf80000, 0x000000010e480000, 0x0000000112180000)
  object space 21504K, 38% used [0x000000010cf80000,0x000000010d798b48,0x000000010e480000)
GC Heap History (10 events):
Event: 5.917 GC heap before
{Heap before GC invocations=2 (full 0):
 PSYoungGen      total 19456K, used 18950K [0x000000013cc00000, 0x000000013e180000, 0x0000000152180000)
  eden space 16896K, 99% used [0x000000013cc00000,0x000000013dc7eeb0,0x000000013dc80000)
  from space 2560K, 80% used [0x000000013dc80000,0x000000013de82c40,0x000000013df00000)
  to   space 2560K, 0% used [0x000000013df00000,0x000000013df00000,0x000000013e180000)
 ParOldGen       total 43520K, used 8K [0x0000000112180000, 0x0000000114c00000, 0x000000013cc00000)
  object space 43520K, 0% used [0x0000000112180000,0x0000000112182000,0x0000000114c00000)
 PSPermGen       total 21504K, used 8207K [0x000000010cf80000, 0x000000010e480000, 0x0000000112180000)
  object space 21504K, 38% used [0x000000010cf80000,0x000000010d783d18,0x000000010e480000)
Event: 5.922 GC heap after
Heap after GC invocations=2 (full 0):
 PSYoungGen      total 19456K, used 1416K [0x000000013cc00000, 0x000000013e180000, 0x0000000152180000)
  eden space 16896K, 0% used [0x000000013cc00000,0x000000013cc00000,0x000000013dc80000)
  from space 2560K, 55% used [0x000000013df00000,0x000000013e062168,0x000000013e180000)
  to   space 2560K, 0% used [0x000000013dc80000,0x000000013dc80000,0x000000013df00000)
 ParOldGen       total 43520K, used 16K [0x0000000112180000, 0x0000000114c00000, 0x000000013cc00000)
  object space 43520K, 0% used [0x0000000112180000,0x0000000112184000,0x0000000114c00000)
 PSPermGen       total 21504K, used 8207K [0x000000010cf80000, 0x000000010e480000, 0x0000000112180000)
  object space 21504K, 38% used [0x000000010cf80000,0x000000010d783d18,0x000000010e480000)
}
Event: 12.856 GC heap before
{Heap before GC invocations=3 (full 0):
 PSYoungGen      total 19456K, used 18312K [0x000000013cc00000, 0x000000013e180000, 0x0000000152180000)
  eden space 16896K, 100% used [0x000000013cc00000,0x000000013dc80000,0x000000013dc80000)
  from space 2560K, 55% used [0x000000013df00000,0x000000013e062168,0x000000013e180000)
  to   space 2560K, 0% used [0x000000013dc80000,0x000000013dc80000,0x000000013df00000)
 ParOldGen       total 43520K, used 16K [0x0000000112180000, 0x0000000114c00000, 0x000000013cc00000)
  object space 43520K, 0% used [0x0000000112180000,0x0000000112184000,0x0000000114c00000)
 PSPermGen       total 21504K, used 8288K [0x000000010cf80000, 0x000000010e480000, 0x0000000112180000)
  object space 21504K, 38% used [0x000000010cf80000,0x000000010d798260,0x000000010e480000)
Event: 12.862 GC heap after
Heap after GC invocations=3 (full 0):
 PSYoungGen      total 19456K, used 1408K [0x000000013cc00000, 0x000000013e180000, 0x0000000152180000)
  eden space 16896K, 0% used [0x000000013cc00000,0x000000013cc00000,0x000000013dc80000)
  from space 2560K, 55% used [0x000000013dc80000,0x000000013dde0000,0x000000013df00000)
  to   space 2560K, 0% used [0x000000013df00000,0x000000013df00000,0x000000013e180000)
 ParOldGen       total 43520K, used 24K [0x0000000112180000, 0x0000000114c00000, 0x000000013cc00000)
  object space 43520K, 0% used [0x0000000112180000,0x0000000112186000,0x0000000114c00000)
 PSPermGen       total 21504K, used 8288K [0x000000010cf80000, 0x000000010e480000, 0x0000000112180000)
  object space 21504K, 38% used [0x000000010cf80000,0x000000010d798260,0x000000010e480000)
}
Event: 77.697 GC heap before
{Heap before GC invocations=4 (full 0):
 PSYoungGen      total 19456K, used 18304K [0x000000013cc00000, 0x000000013e180000, 0x0000000152180000)
  eden space 16896K, 100% used [0x000000013cc00000,0x000000013dc80000,0x000000013dc80000)
  from space 2560K, 55% used [0x000000013dc80000,0x000000013dde0000,0x000000013df00000)
  to   space 2560K, 0% used [0x000000013df00000,0x000000013df00000,0x000000013e180000)
 ParOldGen       total 43520K, used 24K [0x0000000112180000, 0x0000000114c00000, 0x000000013cc00000)
  object space 43520K, 0% used [0x0000000112180000,0x0000000112186000,0x0000000114c00000)
 PSPermGen       total 21504K, used 8290K [0x000000010cf80000, 0x000000010e480000, 0x0000000112180000)
  object space 21504K, 38% used [0x000000010cf80000,0x000000010d7989d0,0x000000010e480000)
Event: 77.702 GC heap after
Heap after GC invocations=4 (full 0):
 PSYoungGen      total 19456K, used 1216K [0x000000013cc00000, 0x000000013e180000, 0x0000000152180000)
  eden space 16896K, 0% used [0x000000013cc00000,0x000000013cc00000,0x000000013dc80000)
  from space 2560K, 47% used [0x000000013df00000,0x000000013e030000,0x000000013e180000)
  to   space 2560K, 0% used [0x000000013dc80000,0x000000013dc80000,0x000000013df00000)
 ParOldGen       total 43520K, used 32K [0x0000000112180000, 0x0000000114c00000, 0x000000013cc00000)
  object space 43520K, 0% used [0x0000000112180000,0x0000000112188000,0x0000000114c00000)
 PSPermGen       total 21504K, used 8290K [0x000000010cf80000, 0x000000010e480000, 0x0000000112180000)
  object space 21504K, 38% used [0x000000010cf80000,0x000000010d7989d0,0x000000010e480000)
}
Event: 146.330 GC heap before
{Heap before GC invocations=5 (full 0):
 PSYoungGen      total 19456K, used 18112K [0x000000013cc00000, 0x000000013e180000, 0x0000000152180000)
  eden space 16896K, 100% used [0x000000013cc00000,0x000000013dc80000,0x000000013dc80000)
  from space 2560K, 47% used [0x000000013df00000,0x000000013e030000,0x000000013e180000)
  to   space 2560K, 0% used [0x000000013dc80000,0x000000013dc80000,0x000000013df00000)
 ParOldGen       total 43520K, used 32K [0x0000000112180000, 0x0000000114c00000, 0x000000013cc00000)
  object space 43520K, 0% used [0x0000000112180000,0x0000000112188000,0x0000000114c00000)
 PSPermGen       total 21504K, used 8290K [0x000000010cf80000, 0x000000010e480000, 0x0000000112180000)
  object space 21504K, 38% used [0x000000010cf80000,0x000000010d798a78,0x000000010e480000)
Event: 146.335 GC heap after
Heap after GC invocations=5 (full 0):
 PSYoungGen      total 19456K, used 1152K [0x000000013cc00000, 0x000000013e180000, 0x0000000152180000)
  eden space 16896K, 0% used [0x000000013cc00000,0x000000013cc00000,0x000000013dc80000)
  from space 2560K, 45% used [0x000000013dc80000,0x000000013dda0000,0x000000013df00000)
  to   space 2560K, 0% used [0x000000013df00000,0x000000013df00000,0x000000013e180000)
 ParOldGen       total 43520K, used 32K [0x0000000112180000, 0x0000000114c00000, 0x000000013cc00000)
  object space 43520K, 0% used [0x0000000112180000,0x0000000112188000,0x0000000114c00000)
 PSPermGen       total 21504K, used 8290K [0x000000010cf80000, 0x000000010e480000, 0x0000000112180000)
  object space 21504K, 38% used [0x000000010cf80000,0x000000010d798a78,0x000000010e480000)
}
Event: 210.894 GC heap before
{Heap before GC invocations=6 (full 0):
 PSYoungGen      total 19456K, used 18048K [0x000000013cc00000, 0x000000013e180000, 0x0000000152180000)
  eden space 16896K, 100% used [0x000000013cc00000,0x000000013dc80000,0x000000013dc80000)
  from space 2560K, 45% used [0x000000013dc80000,0x000000013dda0000,0x000000013df00000)
  to   space 2560K, 0% used [0x000000013df00000,0x000000013df00000,0x000000013e180000)
 ParOldGen       total 43520K, used 32K [0x0000000112180000, 0x0000000114c00000, 0x000000013cc00000)
  object space 43520K, 0% used [0x0000000112180000,0x0000000112188000,0x0000000114c00000)
 PSPermGen       total 21504K, used 8290K [0x000000010cf80000, 0x000000010e480000, 0x0000000112180000)
  object space 21504K, 38% used [0x000000010cf80000,0x000000010d798b28,0x000000010e480000)
Event: 210.899 GC heap after
Heap after GC invocations=6 (full 0):
 PSYoungGen      total 19456K, used 1184K [0x000000013cc00000, 0x000000013e180000, 0x0000000152180000)
  eden space 16896K, 0% used [0x000000013cc00000,0x000000013cc00000,0x000000013dc80000)
  from space 2560K, 46% used [0x000000013df00000,0x000000013e028000,0x000000013e180000)
  to   space 2560K, 0% used [0x000000013dc80000,0x000000013dc80000,0x000000013df00000)
 ParOldGen       total 43520K, used 32K [0x0000000112180000, 0x0000000114c00000, 0x000000013cc00000)
  object space 43520K, 0% used [0x0000000112180000,0x0000000112188000,0x0000000114c00000)
 PSPermGen       total 21504K, used 8290K [0x000000010cf80000, 0x000000010e480000, 0x0000000112180000)
  object space 21504K, 38% used [0x000000010cf80000,0x000000010d798b28,0x000000010e480000)
}

