# JRE version: Java(TM) SE Runtime Environment (7.0_45-b18) (build 1.7.0_45-b18)
# Java VM: Java HotSpot(TM) 64-Bit Server VM (24.45-b08 mixed mode bsd-amd64 compressed oops)
Heap
 PSYoungGen      total 18944K, used 2178K [0x0000000137e80000, 0x0000000139300000, 0x000000014d400000)
  eden space 16896K, 12% used [0x0000000137e80000,0x00000001380a0a20,0x0000000138f00000)
  from space 2048K, 0% used [0x0000000138f00000,0x0000000138f00000,0x0000000139100000)
  to   space 2048K, 0% used [0x0000000139100000,0x0000000139100000,0x0000000139300000)
 ParOldGen       total 43520K, used 1319K [0x000000010d400000, 0x000000010fe80000, 0x0000000137e80000)
  object space 43520K, 3% used [0x000000010d400000,0x000000010d549cf0,0x000000010fe80000)
 PSPermGen       total 21504K, used 8327K [0x0000000108200000, 0x0000000109700000, 0x000000010d400000)
  object space 21504K, 38% used [0x0000000108200000,0x0000000108a21ce0,0x0000000109700000)
GC Heap History (10 events):
Event: 137.847 GC heap before
{Heap before GC invocations=17 (full 0):
 PSYoungGen      total 19456K, used 17120K [0x0000000137e80000, 0x0000000139400000, 0x000000014d400000)
  eden space 16896K, 100% used [0x0000000137e80000,0x0000000138f00000,0x0000000138f00000)
  from space 2560K, 8% used [0x0000000139180000,0x00000001391b8000,0x0000000139400000)
  to   space 2560K, 0% used [0x0000000138f00000,0x0000000138f00000,0x0000000139180000)
 ParOldGen       total 43520K, used 1287K [0x000000010d400000, 0x000000010fe80000, 0x0000000137e80000)
  object space 43520K, 2% used [0x000000010d400000,0x000000010d541cf0,0x000000010fe80000)
 PSPermGen       total 21504K, used 8323K [0x0000000108200000, 0x0000000109700000, 0x000000010d400000)
  object space 21504K, 38% used [0x0000000108200000,0x0000000108a20c08,0x0000000109700000)
Event: 137.849 GC heap after
Heap after GC invocations=17 (full 0):
 PSYoungGen      total 19456K, used 256K [0x0000000137e80000, 0x0000000139400000, 0x000000014d400000)
  eden space 16896K, 0% used [0x0000000137e80000,0x0000000137e80000,0x0000000138f00000)
  from space 2560K, 10% used [0x0000000138f00000,0x0000000138f40000,0x0000000139180000)
  to   space 2560K, 0% used [0x0000000139180000,0x0000000139180000,0x0000000139400000)
 ParOldGen       total 43520K, used 1311K [0x000000010d400000, 0x000000010fe80000, 0x0000000137e80000)
  object space 43520K, 3% used [0x000000010d400000,0x000000010d547cf0,0x000000010fe80000)
 PSPermGen       total 21504K, used 8323K [0x0000000108200000, 0x0000000109700000, 0x000000010d400000)
  object space 21504K, 38% used [0x0000000108200000,0x0000000108a20c08,0x0000000109700000)
}
Event: 198.952 GC heap before
{Heap before GC invocations=18 (full 0):
 PSYoungGen      total 19456K, used 17152K [0x0000000137e80000, 0x0000000139400000, 0x000000014d400000)
  eden space 16896K, 100% used [0x0000000137e80000,0x0000000138f00000,0x0000000138f00000)
  from space 2560K, 10% used [0x0000000138f00000,0x0000000138f40000,0x0000000139180000)
  to   space 2560K, 0% used [0x0000000139180000,0x0000000139180000,0x0000000139400000)
 ParOldGen       total 43520K, used 1311K [0x000000010d400000, 0x000000010fe80000, 0x0000000137e80000)
  object space 43520K, 3% used [0x000000010d400000,0x000000010d547cf0,0x000000010fe80000)
 PSPermGen       total 21504K, used 8323K [0x0000000108200000, 0x0000000109700000, 0x000000010d400000)
  object space 21504K, 38% used [0x0000000108200000,0x0000000108a20cb8,0x0000000109700000)
Event: 198.954 GC heap after
Heap after GC invocations=18 (full 0):
 PSYoungGen      total 19456K, used 0K [0x0000000137e80000, 0x0000000139400000, 0x000000014d400000)
  eden space 16896K, 0% used [0x0000000137e80000,0x0000000137e80000,0x0000000138f00000)
  from space 2560K, 0% used [0x0000000139180000,0x0000000139180000,0x0000000139400000)
  to   space 2560K, 0% used [0x0000000138f00000,0x0000000138f00000,0x0000000139180000)
 ParOldGen       total 43520K, used 1319K [0x000000010d400000, 0x000000010fe80000, 0x0000000137e80000)
  object space 43520K, 3% used [0x000000010d400000,0x000000010d549cf0,0x000000010fe80000)
 PSPermGen       total 21504K, used 8323K [0x0000000108200000, 0x0000000109700000, 0x000000010d400000)
  object space 21504K, 38% used [0x0000000108200000,0x0000000108a20cb8,0x0000000109700000)
}
Event: 269.268 GC heap before
{Heap before GC invocations=19 (full 0):
 PSYoungGen      total 19456K, used 16896K [0x0000000137e80000, 0x0000000139400000, 0x000000014d400000)
  eden space 16896K, 100% used [0x0000000137e80000,0x0000000138f00000,0x0000000138f00000)
  from space 2560K, 0% used [0x0000000139180000,0x0000000139180000,0x0000000139400000)
  to   space 2560K, 0% used [0x0000000138f00000,0x0000000138f00000,0x0000000139180000)
 ParOldGen       total 43520K, used 1319K [0x000000010d400000, 0x000000010fe80000, 0x0000000137e80000)
  object space 43520K, 3% used [0x000000010d400000,0x000000010d549cf0,0x000000010fe80000)
 PSPermGen       total 21504K, used 8324K [0x0000000108200000, 0x0000000109700000, 0x000000010d400000)
  object space 21504K, 38% used [0x0000000108200000,0x0000000108a213b0,0x0000000109700000)
Event: 269.269 GC heap after
Heap after GC invocations=19 (full 0):
 PSYoungGen      total 17408K, used 0K [0x0000000137e80000, 0x0000000139300000, 0x000000014d400000)
  eden space 16896K, 0% used [0x0000000137e80000,0x0000000137e80000,0x0000000138f00000)
  from space 512K, 0% used [0x0000000138f00000,0x0000000138f00000,0x0000000138f80000)
  to   space 2048K, 0% used [0x0000000139100000,0x0000000139100000,0x0000000139300000)
 ParOldGen       total 43520K, used 1319K [0x000000010d400000, 0x000000010fe80000, 0x0000000137e80000)
  object space 43520K, 3% used [0x000000010d400000,0x000000010d549cf0,0x000000010fe80000)
 PSPermGen       total 21504K, used 8324K [0x0000000108200000, 0x0000000109700000, 0x000000010d400000)
  object space 21504K, 38% used [0x0000000108200000,0x0000000108a213b0,0x0000000109700000)
}
Event: 332.378 GC heap before
{Heap before GC invocations=20 (full 0):
 PSYoungGen      total 17408K, used 16896K [0x0000000137e80000, 0x0000000139300000, 0x000000014d400000)
  eden space 16896K, 100% used [0x0000000137e80000,0x0000000138f00000,0x0000000138f00000)
  from space 512K, 0% used [0x0000000138f00000,0x0000000138f00000,0x0000000138f80000)
  to   space 2048K, 0% used [0x0000000139100000,0x0000000139100000,0x0000000139300000)
 ParOldGen       total 43520K, used 1319K [0x000000010d400000, 0x000000010fe80000, 0x0000000137e80000)
  object space 43520K, 3% used [0x000000010d400000,0x000000010d549cf0,0x000000010fe80000)
 PSPermGen       total 21504K, used 8325K [0x0000000108200000, 0x0000000109700000, 0x000000010d400000)
  object space 21504K, 38% used [0x0000000108200000,0x0000000108a21458,0x0000000109700000)
Event: 332.379 GC heap after
Heap after GC invocations=20 (full 0):
 PSYoungGen      total 18944K, used 0K [0x0000000137e80000, 0x0000000139300000, 0x000000014d400000)
  eden space 16896K, 0% used [0x0000000137e80000,0x0000000137e80000,0x0000000138f00000)
  from space 2048K, 0% used [0x0000000139100000,0x0000000139100000,0x0000000139300000)
  to   space 2048K, 0% used [0x0000000138f00000,0x0000000138f00000,0x0000000139100000)
 ParOldGen       total 43520K, used 1319K [0x000000010d400000, 0x000000010fe80000, 0x0000000137e80000)
  object space 43520K, 3% used [0x000000010d400000,0x000000010d549cf0,0x000000010fe80000)
 PSPermGen       total 21504K, used 8325K [0x0000000108200000, 0x0000000109700000, 0x000000010d400000)
  object space 21504K, 38% used [0x0000000108200000,0x0000000108a21458,0x0000000109700000)
}
Event: 398.152 GC heap before
{Heap before GC invocations=21 (full 0):
 PSYoungGen      total 18944K, used 16896K [0x0000000137e80000, 0x0000000139300000, 0x000000014d400000)
  eden space 16896K, 100% used [0x0000000137e80000,0x0000000138f00000,0x0000000138f00000)
  from space 2048K, 0% used [0x0000000139100000,0x0000000139100000,0x0000000139300000)
  to   space 2048K, 0% used [0x0000000138f00000,0x0000000138f00000,0x0000000139100000)
 ParOldGen       total 43520K, used 1319K [0x000000010d400000, 0x000000010fe80000, 0x0000000137e80000)
  object space 43520K, 3% used [0x000000010d400000,0x000000010d549cf0,0x000000010fe80000)
 PSPermGen       total 21504K, used 8327K [0x0000000108200000, 0x0000000109700000, 0x000000010d400000)
  object space 21504K, 38% used [0x0000000108200000,0x0000000108a21cc0,0x0000000109700000)
Event: 398.159 GC heap after
Heap after GC invocations=21 (full 0):
 PSYoungGen      total 18944K, used 0K [0x0000000137e80000, 0x0000000139300000, 0x000000014d400000)
  eden space 16896K, 0% used [0x0000000137e80000,0x0000000137e80000,0x0000000138f00000)
  from space 2048K, 0% used [0x0000000138f00000,0x0000000138f00000,0x0000000139100000)
  to   space 2048K, 0% used [0x0000000139100000,0x0000000139100000,0x0000000139300000)
 ParOldGen       total 43520K, used 1319K [0x000000010d400000, 0x000000010fe80000, 0x0000000137e80000)
  object space 43520K, 3% used [0x000000010d400000,0x000000010d549cf0,0x000000010fe80000)
 PSPermGen       total 21504K, used 8327K [0x0000000108200000, 0x0000000109700000, 0x000000010d400000)
  object space 21504K, 38% used [0x0000000108200000,0x0000000108a21cc0,0x0000000109700000)
}

